<?xml version="1.0" encoding="UTF-8"?>
<!-- Generated by org.testng.reporters.JUnitXMLReporter -->
<testsuite hostname="15R" name="Default test" tests="7" failures="0" timestamp="8 Feb 2019 08:49:29 GMT" time="229.813" errors="0">
  <testcase name="verifyContactsPageLabelTest" time="0.105" classname="com.qa.testClasses.ContactsPageTest"/>
  <testcase name="selectContactsCheckBoxTest" time="0.262" classname="com.qa.testClasses.ContactsPageTest"/>
  <testcase name="selectMultipleContactsCheckBoxTest" time="0.339" classname="com.qa.testClasses.ContactsPageTest"/>
  <testcase name="validateCreateNewContact" time="5.939" classname="com.qa.testClasses.ContactsPageTest"/>
  <testcase name="validateCreateNewContact" time="4.62" classname="com.qa.testClasses.ContactsPageTest"/>
  <testcase name="validateCreateNewContact" time="4.53" classname="com.qa.testClasses.ContactsPageTest"/>
  <testcase name="validateCreateNewContact" time="7.778" classname="com.qa.testClasses.ContactsPageTest"/>
</testsuite> <!-- Default test -->
