<?xml version="1.0" encoding="UTF-8"?>
<!-- Generated by org.testng.reporters.JUnitXMLReporter -->
<testsuite hostname="15R" name="CRM Test Cases" tests="13" failures="1" timestamp="9 Feb 2019 08:00:07 GMT" time="335.921" errors="0">
  <testcase name="verifyContactsPageLabelTest" time="0.059" classname="com.qa.testClasses.ContactsPageTest"/>
  <testcase name="selectContactsCheckBoxTest" time="0.123" classname="com.qa.testClasses.ContactsPageTest"/>
  <testcase name="selectMultipleContactsCheckBoxTest" time="0.254" classname="com.qa.testClasses.ContactsPageTest"/>
  <testcase name="validateCreateNewContact" time="5.582" classname="com.qa.testClasses.ContactsPageTest"/>
  <testcase name="validateCreateNewContact" time="4.998" classname="com.qa.testClasses.ContactsPageTest"/>
  <testcase name="validateCreateNewContact" time="6.13" classname="com.qa.testClasses.ContactsPageTest"/>
  <testcase name="validateCreateNewContact" time="4.472" classname="com.qa.testClasses.ContactsPageTest"/>
  <testcase name="verifyHomePageTitleTest" time="0.014" classname="com.qa.testClasses.HomePageTest"/>
  <testcase name="verifyUserNameTest" time="0.104" classname="com.qa.testClasses.HomePageTest"/>
  <testcase name="verifyContactsLinkTest" time="1.395" classname="com.qa.testClasses.HomePageTest"/>
  <testcase name="loginPageTitleTest" time="0.022" classname="com.qa.testClasses.LoginPageTest">
    <failure type="java.lang.AssertionError" message="expected [#1 Free CRM software in the cloud for sales and service] but found [CRMPRO Log In Screen]">
      <![CDATA[java.lang.AssertionError: expected [#1 Free CRM software in the cloud for sales and service] but found [CRMPRO Log In Screen]
	at com.qa.testClasses.LoginPageTest.loginPageTitleTest(LoginPageTest.java:35)
... Removed 29 stack frames]]>
    </failure>
  </testcase> <!-- loginPageTitleTest -->
  <testcase name="crmLogoImageTest" time="0.052" classname="com.qa.testClasses.LoginPageTest"/>
  <testcase name="loginTest" time="19.349" classname="com.qa.testClasses.LoginPageTest"/>
</testsuite> <!-- CRM Test Cases -->
