<?xml version="1.0" encoding="UTF-8" ?>
<testsuite tests="13" failures="1" name="TestSuite" time="38.315" errors="0" skipped="0">
  <properties>
[...]
</properties>
  <testcase classname="com.qa.testClasses.ContactsPageTest" name="verifyContactsPageLabelTest" time="0.048"/>
  <testcase classname="com.qa.testClasses.HomePageTest" name="verifyHomePageTitleTest" time="0.01"/>
  <testcase classname="com.qa.testClasses.LoginPageTest" name="loginPageTitleTest" time="0.022">
    <failure message="expected [#1 Free CRM software in the cloud for sales and service] but found [CRMPRO Log In Screen]" type="java.lang.AssertionError">java.lang.AssertionError: expected [#1 Free CRM software in the cloud for sales and service] but found [CRMPRO Log In Screen]
	at org.testng.Assert.fail(Assert.java:94)
	at org.testng.Assert.failNotEquals(Assert.java:494)
	at org.testng.Assert.assertEquals(Assert.java:123)
	at org.testng.Assert.assertEquals(Assert.java:176)
	at org.testng.Assert.assertEquals(Assert.java:186)
	at com.qa.testClasses.LoginPageTest.loginPageTitleTest(LoginPageTest.java:35)
</failure>
    <system-out>Before navigating to: &apos;https://classic.crmpro.com/login.cfm&apos;
Navigated to:&apos;https://classic.crmpro.com/login.cfm&apos;
</system-out>
    <system-err>Starting ChromeDriver 2.45.615291 (ec3682e3c9061c10f26ea9e5cdcf3c53f3f74387) on port 8344
Only local connections are allowed.
Feb 09, 2019 12:50:14 PM org.openqa.selenium.remote.ProtocolHandshake createSession
INFO: Detected dialect: OSS
</system-err>
  </testcase>
  <testcase classname="com.qa.testClasses.ContactsPageTest" name="selectContactsCheckBoxTest" time="0.128"/>
  <testcase classname="com.qa.testClasses.HomePageTest" name="verifyUserNameTest" time="0.274"/>
  <testcase classname="com.qa.testClasses.LoginPageTest" name="crmLogoImageTest" time="0.051"/>
  <testcase classname="com.qa.testClasses.ContactsPageTest" name="selectMultipleContactsCheckBoxTest" time="0.266"/>
  <testcase classname="com.qa.testClasses.HomePageTest" name="verifyContactsLinkTest" time="2.434"/>
  <testcase classname="com.qa.testClasses.LoginPageTest" name="loginTest" time="15.823"/>
  <testcase classname="com.qa.testClasses.ContactsPageTest" name="validateCreateNewContact" time="6.976"/>
  <testcase classname="com.qa.testClasses.ContactsPageTest" name="validateCreateNewContact" time="4.026"/>
  <testcase classname="com.qa.testClasses.ContactsPageTest" name="validateCreateNewContact" time="4.046"/>
  <testcase classname="com.qa.testClasses.ContactsPageTest" name="validateCreateNewContact" time="4.211"/>
</testsuite>